  [1m[35m (124.1ms)[0m  [1m[35mCREATE TABLE "schema_migrations" ("version" varchar NOT NULL PRIMARY KEY)[0m
  [1m[35m (110.7ms)[0m  [1m[35mCREATE TABLE "ar_internal_metadata" ("key" varchar NOT NULL PRIMARY KEY, "value" varchar, "created_at" datetime NOT NULL, "updated_at" datetime NOT NULL)[0m
  [1m[36mActiveRecord::SchemaMigration Load (0.2ms)[0m  [1m[34mSELECT "schema_migrations".* FROM "schema_migrations"[0m
Migrating to CreateCompanies (20171025042027)
  [1m[35m (0.1ms)[0m  [1m[36mbegin transaction[0m
  [1m[35m (0.5ms)[0m  [1m[35mCREATE TABLE "companies" ("id" INTEGER PRIMARY KEY AUTOINCREMENT NOT NULL, "name" varchar, "address" varchar, "total_employee" integer, "country" varchar, "created_at" datetime NOT NULL, "updated_at" datetime NOT NULL)[0m
  [1m[35mSQL (0.2ms)[0m  [1m[32mINSERT INTO "schema_migrations" ("version") VALUES (?)[0m  [["version", "20171025042027"]]
  [1m[35m (100.4ms)[0m  [1m[36mcommit transaction[0m
  [1m[36mActiveRecord::InternalMetadata Load (0.4ms)[0m  [1m[34mSELECT  "ar_internal_metadata".* FROM "ar_internal_metadata" WHERE "ar_internal_metadata"."key" = ? LIMIT ?[0m  [["key", "environment"], ["LIMIT", 1]]
  [1m[35m (0.1ms)[0m  [1m[36mbegin transaction[0m
  [1m[35mSQL (0.3ms)[0m  [1m[32mINSERT INTO "ar_internal_metadata" ("key", "value", "created_at", "updated_at") VALUES (?, ?, ?, ?)[0m  [["key", "environment"], ["value", "development"], ["created_at", "2017-10-25 04:30:17.973280"], ["updated_at", "2017-10-25 04:30:17.973280"]]
  [1m[35m (118.1ms)[0m  [1m[36mcommit transaction[0m
  [1m[36mActiveRecord::SchemaMigration Load (0.2ms)[0m  [1m[34mSELECT "schema_migrations".* FROM "schema_migrations"[0m
Started GET "/companies" for 127.0.0.1 at 2017-10-25 11:31:42 +0700
  [1m[36mActiveRecord::SchemaMigration Load (0.2ms)[0m  [1m[34mSELECT "schema_migrations".* FROM "schema_migrations"[0m
Processing by CompaniesController#index as HTML
  Rendering companies/index.html.erb within layouts/application
  [1m[36mCompany Load (0.3ms)[0m  [1m[34mSELECT "companies".* FROM "companies"[0m
  Rendered companies/index.html.erb within layouts/application (7.4ms)
Completed 200 OK in 1018ms (Views: 1004.4ms | ActiveRecord: 0.6ms)


Started GET "/companies" for 127.0.0.1 at 2017-10-25 11:32:00 +0700
  
SyntaxError (/home/x201/kantor/company-api/app/controllers/companies_controller.rb:8: syntax error, unexpected tIVAR, expecting keyword_end):
  
app/controllers/companies_controller.rb:8: syntax error, unexpected tIVAR, expecting keyword_end
  Rendering /home/x201/.rvm/gems/ruby-2.3.0/gems/actionpack-5.0.6/lib/action_dispatch/middleware/templates/rescues/diagnostics.html.erb within rescues/layout
  Rendering /home/x201/.rvm/gems/ruby-2.3.0/gems/actionpack-5.0.6/lib/action_dispatch/middleware/templates/rescues/_source.html.erb
  Rendered /home/x201/.rvm/gems/ruby-2.3.0/gems/actionpack-5.0.6/lib/action_dispatch/middleware/templates/rescues/_source.html.erb (7.6ms)
  Rendering /home/x201/.rvm/gems/ruby-2.3.0/gems/actionpack-5.0.6/lib/action_dispatch/middleware/templates/rescues/_trace.html.erb
  Rendered /home/x201/.rvm/gems/ruby-2.3.0/gems/actionpack-5.0.6/lib/action_dispatch/middleware/templates/rescues/_trace.html.erb (4.4ms)
  Rendering /home/x201/.rvm/gems/ruby-2.3.0/gems/actionpack-5.0.6/lib/action_dispatch/middleware/templates/rescues/_request_and_response.html.erb
  Rendered /home/x201/.rvm/gems/ruby-2.3.0/gems/actionpack-5.0.6/lib/action_dispatch/middleware/templates/rescues/_request_and_response.html.erb (3.0ms)
  Rendered /home/x201/.rvm/gems/ruby-2.3.0/gems/actionpack-5.0.6/lib/action_dispatch/middleware/templates/rescues/diagnostics.html.erb within rescues/layout (38.4ms)
Started GET "/companies" for 127.0.0.1 at 2017-10-25 11:32:22 +0700
Processing by CompaniesController#index as HTML
  [1m[36mCompany Load (0.6ms)[0m  [1m[34mSELECT "companies".* FROM "companies"[0m
Completed 200 OK in 11ms (Views: 3.6ms | ActiveRecord: 1.0ms)


Started POST "/companies?name=x223%20232323" for 127.0.0.1 at 2017-10-25 11:32:56 +0700
Processing by CompaniesController#create as HTML
  Parameters: {"name"=>"x223 232323", "company"=>{}}
Can't verify CSRF token authenticity.
Completed 422 Unprocessable Entity in 1ms (ActiveRecord: 0.7ms)


  
ActionController::InvalidAuthenticityToken (ActionController::InvalidAuthenticityToken):
  
actionpack (5.0.6) lib/action_controller/metal/request_forgery_protection.rb:195:in `handle_unverified_request'
actionpack (5.0.6) lib/action_controller/metal/request_forgery_protection.rb:223:in `handle_unverified_request'
actionpack (5.0.6) lib/action_controller/metal/request_forgery_protection.rb:218:in `verify_authenticity_token'
activesupport (5.0.6) lib/active_support/callbacks.rb:382:in `block in make_lambda'
activesupport (5.0.6) lib/active_support/callbacks.rb:169:in `block (2 levels) in halting'
actionpack (5.0.6) lib/abstract_controller/callbacks.rb:12:in `block (2 levels) in <module:Callbacks>'
activesupport (5.0.6) lib/active_support/callbacks.rb:170:in `block in halting'
activesupport (5.0.6) lib/active_support/callbacks.rb:454:in `block in call'
activesupport (5.0.6) lib/active_support/callbacks.rb:454:in `each'
activesupport (5.0.6) lib/active_support/callbacks.rb:454:in `call'
activesupport (5.0.6) lib/active_support/callbacks.rb:101:in `__run_callbacks__'
activesupport (5.0.6) lib/active_support/callbacks.rb:750:in `_run_process_action_callbacks'
activesupport (5.0.6) lib/active_support/callbacks.rb:90:in `run_callbacks'
actionpack (5.0.6) lib/abstract_controller/callbacks.rb:19:in `process_action'
actionpack (5.0.6) lib/action_controller/metal/rescue.rb:20:in `process_action'
actionpack (5.0.6) lib/action_controller/metal/instrumentation.rb:32:in `block in process_action'
activesupport (5.0.6) lib/active_support/notifications.rb:164:in `block in instrument'
activesupport (5.0.6) lib/active_support/notifications/instrumenter.rb:21:in `instrument'
activesupport (5.0.6) lib/active_support/notifications.rb:164:in `instrument'
actionpack (5.0.6) lib/action_controller/metal/instrumentation.rb:30:in `process_action'
actionpack (5.0.6) lib/action_controller/metal/params_wrapper.rb:248:in `process_action'
activerecord (5.0.6) lib/active_record/railties/controller_runtime.rb:18:in `process_action'
actionpack (5.0.6) lib/abstract_controller/base.rb:126:in `process'
actionview (5.0.6) lib/action_view/rendering.rb:30:in `process'
actionpack (5.0.6) lib/action_controller/metal.rb:190:in `dispatch'
actionpack (5.0.6) lib/action_controller/metal.rb:262:in `dispatch'
actionpack (5.0.6) lib/action_dispatch/routing/route_set.rb:50:in `dispatch'
actionpack (5.0.6) lib/action_dispatch/routing/route_set.rb:32:in `serve'
actionpack (5.0.6) lib/action_dispatch/journey/router.rb:39:in `block in serve'
actionpack (5.0.6) lib/action_dispatch/journey/router.rb:26:in `each'
actionpack (5.0.6) lib/action_dispatch/journey/router.rb:26:in `serve'
actionpack (5.0.6) lib/action_dispatch/routing/route_set.rb:727:in `call'
rack (2.0.3) lib/rack/etag.rb:25:in `call'
rack (2.0.3) lib/rack/conditional_get.rb:38:in `call'
rack (2.0.3) lib/rack/head.rb:12:in `call'
rack (2.0.3) lib/rack/session/abstract/id.rb:232:in `context'
rack (2.0.3) lib/rack/session/abstract/id.rb:226:in `call'
actionpack (5.0.6) lib/action_dispatch/middleware/cookies.rb:613:in `call'
activerecord (5.0.6) lib/active_record/migration.rb:553:in `call'
actionpack (5.0.6) lib/action_dispatch/middleware/callbacks.rb:38:in `block in call'
activesupport (5.0.6) lib/active_support/callbacks.rb:97:in `__run_callbacks__'
activesupport (5.0.6) lib/active_support/callbacks.rb:750:in `_run_call_callbacks'
activesupport (5.0.6) lib/active_support/callbacks.rb:90:in `run_callbacks'
actionpack (5.0.6) lib/action_dispatch/middleware/callbacks.rb:36:in `call'
actionpack (5.0.6) lib/action_dispatch/middleware/executor.rb:12:in `call'
actionpack (5.0.6) lib/action_dispatch/middleware/remote_ip.rb:79:in `call'
actionpack (5.0.6) lib/action_dispatch/middleware/debug_exceptions.rb:49:in `call'
web-console (3.5.1) lib/web_console/middleware.rb:135:in `call_app'
web-console (3.5.1) lib/web_console/middleware.rb:28:in `block in call'
web-console (3.5.1) lib/web_console/middleware.rb:18:in `catch'
web-console (3.5.1) lib/web_console/middleware.rb:18:in `call'
actionpack (5.0.6) lib/action_dispatch/middleware/show_exceptions.rb:31:in `call'
railties (5.0.6) lib/rails/rack/logger.rb:36:in `call_app'
railties (5.0.6) lib/rails/rack/logger.rb:24:in `block in call'
activesupport (5.0.6) lib/active_support/tagged_logging.rb:69:in `block in tagged'
activesupport (5.0.6) lib/active_support/tagged_logging.rb:26:in `tagged'
activesupport (5.0.6) lib/active_support/tagged_logging.rb:69:in `tagged'
railties (5.0.6) lib/rails/rack/logger.rb:24:in `call'
sprockets-rails (3.2.1) lib/sprockets/rails/quiet_assets.rb:13:in `call'
actionpack (5.0.6) lib/action_dispatch/middleware/request_id.rb:24:in `call'
rack (2.0.3) lib/rack/method_override.rb:22:in `call'
rack (2.0.3) lib/rack/runtime.rb:22:in `call'
activesupport (5.0.6) lib/active_support/cache/strategy/local_cache_middleware.rb:28:in `call'
actionpack (5.0.6) lib/action_dispatch/middleware/executor.rb:12:in `call'
actionpack (5.0.6) lib/action_dispatch/middleware/static.rb:136:in `call'
rack (2.0.3) lib/rack/sendfile.rb:111:in `call'
railties (5.0.6) lib/rails/engine.rb:522:in `call'
puma (3.10.0) lib/puma/configuration.rb:225:in `call'
puma (3.10.0) lib/puma/server.rb:605:in `handle_request'
puma (3.10.0) lib/puma/server.rb:437:in `process_client'
puma (3.10.0) lib/puma/server.rb:301:in `block in run'
puma (3.10.0) lib/puma/thread_pool.rb:120:in `block in spawn_thread'
  Rendering /home/x201/.rvm/gems/ruby-2.3.0/gems/actionpack-5.0.6/lib/action_dispatch/middleware/templates/rescues/diagnostics.html.erb within rescues/layout
  Rendering /home/x201/.rvm/gems/ruby-2.3.0/gems/actionpack-5.0.6/lib/action_dispatch/middleware/templates/rescues/_source.html.erb
  Rendered /home/x201/.rvm/gems/ruby-2.3.0/gems/actionpack-5.0.6/lib/action_dispatch/middleware/templates/rescues/_source.html.erb (4.0ms)
  Rendering /home/x201/.rvm/gems/ruby-2.3.0/gems/actionpack-5.0.6/lib/action_dispatch/middleware/templates/rescues/_trace.html.erb
  Rendered /home/x201/.rvm/gems/ruby-2.3.0/gems/actionpack-5.0.6/lib/action_dispatch/middleware/templates/rescues/_trace.html.erb (2.3ms)
  Rendering /home/x201/.rvm/gems/ruby-2.3.0/gems/actionpack-5.0.6/lib/action_dispatch/middleware/templates/rescues/_request_and_response.html.erb
  Rendered /home/x201/.rvm/gems/ruby-2.3.0/gems/actionpack-5.0.6/lib/action_dispatch/middleware/templates/rescues/_request_and_response.html.erb (1.3ms)
  Rendered /home/x201/.rvm/gems/ruby-2.3.0/gems/actionpack-5.0.6/lib/action_dispatch/middleware/templates/rescues/diagnostics.html.erb within rescues/layout (26.3ms)
Started POST "/companies?name=x223%20232323" for 127.0.0.1 at 2017-10-25 11:36:05 +0700
Processing by CompaniesController#create as HTML
  Parameters: {"name"=>"x223 232323", "company"=>{}}
  [1m[35m (0.2ms)[0m  [1m[36mbegin transaction[0m
  [1m[35mSQL (0.5ms)[0m  [1m[32mINSERT INTO "companies" ("created_at", "updated_at") VALUES (?, ?)[0m  [["created_at", "2017-10-25 04:36:05.047753"], ["updated_at", "2017-10-25 04:36:05.047753"]]
  [1m[35m (142.2ms)[0m  [1m[36mcommit transaction[0m
Redirected to http://localhost:3000/companies/1
Completed 302 Found in 159ms (ActiveRecord: 144.2ms)


Started GET "/companies/1" for 127.0.0.1 at 2017-10-25 11:36:05 +0700
Processing by CompaniesController#show as HTML
  Parameters: {"id"=>"1", "company"=>{}}
  [1m[36mCompany Load (0.4ms)[0m  [1m[34mSELECT  "companies".* FROM "companies" WHERE "companies"."id" = ? LIMIT ?[0m  [["id", 1], ["LIMIT", 1]]
Completed 200 OK in 8ms (Views: 1.4ms | ActiveRecord: 0.4ms)


Started POST "/companies?company[name]=x223%20232323" for 127.0.0.1 at 2017-10-25 11:36:41 +0700
Processing by CompaniesController#create as HTML
  Parameters: {"company"=>{}}
Completed 500 Internal Server Error in 1ms (ActiveRecord: 0.0ms)


  
ActiveModel::ForbiddenAttributesError (ActiveModel::ForbiddenAttributesError):
  
app/controllers/companies_controller.rb:31:in `create'
  Rendering /home/x201/.rvm/gems/ruby-2.3.0/gems/actionpack-5.0.6/lib/action_dispatch/middleware/templates/rescues/diagnostics.html.erb within rescues/layout
  Rendering /home/x201/.rvm/gems/ruby-2.3.0/gems/actionpack-5.0.6/lib/action_dispatch/middleware/templates/rescues/_source.html.erb
  Rendered /home/x201/.rvm/gems/ruby-2.3.0/gems/actionpack-5.0.6/lib/action_dispatch/middleware/templates/rescues/_source.html.erb (4.5ms)
  Rendering /home/x201/.rvm/gems/ruby-2.3.0/gems/actionpack-5.0.6/lib/action_dispatch/middleware/templates/rescues/_trace.html.erb
  Rendered /home/x201/.rvm/gems/ruby-2.3.0/gems/actionpack-5.0.6/lib/action_dispatch/middleware/templates/rescues/_trace.html.erb (2.2ms)
  Rendering /home/x201/.rvm/gems/ruby-2.3.0/gems/actionpack-5.0.6/lib/action_dispatch/middleware/templates/rescues/_request_and_response.html.erb
  Rendered /home/x201/.rvm/gems/ruby-2.3.0/gems/actionpack-5.0.6/lib/action_dispatch/middleware/templates/rescues/_request_and_response.html.erb (1.6ms)
  Rendered /home/x201/.rvm/gems/ruby-2.3.0/gems/actionpack-5.0.6/lib/action_dispatch/middleware/templates/rescues/diagnostics.html.erb within rescues/layout (28.2ms)
Started POST "/companies?company[name]=x223%20232323" for 127.0.0.1 at 2017-10-25 11:37:06 +0700
  
SyntaxError (/home/x201/kantor/company-api/app/controllers/companies_controller.rb:76: syntax error, unexpected '}', expecting =>
      params.fetch(:company, {:name})
                                    ^):
  
app/controllers/companies_controller.rb:76: syntax error, unexpected '}', expecting =>
  Rendering /home/x201/.rvm/gems/ruby-2.3.0/gems/actionpack-5.0.6/lib/action_dispatch/middleware/templates/rescues/diagnostics.html.erb within rescues/layout
  Rendering /home/x201/.rvm/gems/ruby-2.3.0/gems/actionpack-5.0.6/lib/action_dispatch/middleware/templates/rescues/_source.html.erb
  Rendered /home/x201/.rvm/gems/ruby-2.3.0/gems/actionpack-5.0.6/lib/action_dispatch/middleware/templates/rescues/_source.html.erb (3.9ms)
  Rendering /home/x201/.rvm/gems/ruby-2.3.0/gems/actionpack-5.0.6/lib/action_dispatch/middleware/templates/rescues/_trace.html.erb
  Rendered /home/x201/.rvm/gems/ruby-2.3.0/gems/actionpack-5.0.6/lib/action_dispatch/middleware/templates/rescues/_trace.html.erb (2.0ms)
  Rendering /home/x201/.rvm/gems/ruby-2.3.0/gems/actionpack-5.0.6/lib/action_dispatch/middleware/templates/rescues/_request_and_response.html.erb
  Rendered /home/x201/.rvm/gems/ruby-2.3.0/gems/actionpack-5.0.6/lib/action_dispatch/middleware/templates/rescues/_request_and_response.html.erb (1.7ms)
  Rendered /home/x201/.rvm/gems/ruby-2.3.0/gems/actionpack-5.0.6/lib/action_dispatch/middleware/templates/rescues/diagnostics.html.erb within rescues/layout (28.1ms)
Started POST "/companies?company[name]=x223%20232323" for 127.0.0.1 at 2017-10-25 11:37:25 +0700
Processing by CompaniesController#create as HTML
  Parameters: {"company"=>{}}
Completed 500 Internal Server Error in 11ms (ActiveRecord: 1.3ms)


  
ActiveModel::ForbiddenAttributesError (ActiveModel::ForbiddenAttributesError):
  
app/controllers/companies_controller.rb:31:in `create'
  Rendering /home/x201/.rvm/gems/ruby-2.3.0/gems/actionpack-5.0.6/lib/action_dispatch/middleware/templates/rescues/diagnostics.html.erb within rescues/layout
  Rendering /home/x201/.rvm/gems/ruby-2.3.0/gems/actionpack-5.0.6/lib/action_dispatch/middleware/templates/rescues/_source.html.erb
  Rendered /home/x201/.rvm/gems/ruby-2.3.0/gems/actionpack-5.0.6/lib/action_dispatch/middleware/templates/rescues/_source.html.erb (4.4ms)
  Rendering /home/x201/.rvm/gems/ruby-2.3.0/gems/actionpack-5.0.6/lib/action_dispatch/middleware/templates/rescues/_trace.html.erb
  Rendered /home/x201/.rvm/gems/ruby-2.3.0/gems/actionpack-5.0.6/lib/action_dispatch/middleware/templates/rescues/_trace.html.erb (2.3ms)
  Rendering /home/x201/.rvm/gems/ruby-2.3.0/gems/actionpack-5.0.6/lib/action_dispatch/middleware/templates/rescues/_request_and_response.html.erb
  Rendered /home/x201/.rvm/gems/ruby-2.3.0/gems/actionpack-5.0.6/lib/action_dispatch/middleware/templates/rescues/_request_and_response.html.erb (1.6ms)
  Rendered /home/x201/.rvm/gems/ruby-2.3.0/gems/actionpack-5.0.6/lib/action_dispatch/middleware/templates/rescues/diagnostics.html.erb within rescues/layout (28.2ms)
Started GET "/companies?company[name]=x223%20232323" for 127.0.0.1 at 2017-10-25 11:37:51 +0700
Processing by CompaniesController#index as HTML
  Parameters: {"company"=>{"name"=>"x223 232323"}}
  [1m[36mCompany Load (0.6ms)[0m  [1m[34mSELECT "companies".* FROM "companies"[0m
Completed 200 OK in 79ms (Views: 71.9ms | ActiveRecord: 1.8ms)


Started GET "/companies?company[name]=x223%20232323" for 127.0.0.1 at 2017-10-25 11:38:10 +0700
Processing by CompaniesController#index as HTML
  Parameters: {"company"=>{"name"=>"x223 232323"}}
  [1m[36mCompany Load (0.5ms)[0m  [1m[34mSELECT "companies".* FROM "companies"[0m
Completed 200 OK in 32ms (Views: 1.6ms | ActiveRecord: 1.5ms)


Started GET "/companies?company[name]=x223%20232323" for 127.0.0.1 at 2017-10-25 11:39:22 +0700
Processing by CompaniesController#index as HTML
  Parameters: {"company"=>{"name"=>"x223 232323"}}
  [1m[36mCompany Load (0.4ms)[0m  [1m[34mSELECT "companies".* FROM "companies"[0m
Completed 200 OK in 19ms (Views: 13.9ms | ActiveRecord: 1.1ms)


Started POST "/companies?company[name]=x223%20232323" for 127.0.0.1 at 2017-10-25 11:41:12 +0700
  [1m[36mActiveRecord::SchemaMigration Load (0.5ms)[0m  [1m[34mSELECT "schema_migrations".* FROM "schema_migrations"[0m
Processing by CompaniesController#create as HTML
  Parameters: {"company"=>{}}
  [1m[35m (0.1ms)[0m  [1m[36mbegin transaction[0m
  [1m[35mSQL (1.1ms)[0m  [1m[32mINSERT INTO "companies" ("name", "created_at", "updated_at") VALUES (?, ?, ?)[0m  [["name", "x223 232323"], ["created_at", "2017-10-25 04:41:12.569798"], ["updated_at", "2017-10-25 04:41:12.569798"]]
  [1m[35m (325.9ms)[0m  [1m[36mcommit transaction[0m
Redirected to http://localhost:3000/companies/2
Completed 302 Found in 358ms (ActiveRecord: 328.2ms)


Started GET "/companies/2" for 127.0.0.1 at 2017-10-25 11:41:12 +0700
Processing by CompaniesController#show as HTML
  Parameters: {"id"=>"2", "company"=>{}}
  [1m[36mCompany Load (0.3ms)[0m  [1m[34mSELECT  "companies".* FROM "companies" WHERE "companies"."id" = ? LIMIT ?[0m  [["id", 2], ["LIMIT", 1]]
Completed 200 OK in 5ms (Views: 0.9ms | ActiveRecord: 0.3ms)


Started GET "/companies/1" for 127.0.0.1 at 2017-10-25 11:41:34 +0700
Processing by CompaniesController#show as HTML
  Parameters: {"id"=>"1"}
  [1m[36mCompany Load (0.2ms)[0m  [1m[34mSELECT  "companies".* FROM "companies" WHERE "companies"."id" = ? LIMIT ?[0m  [["id", 1], ["LIMIT", 1]]
Completed 200 OK in 3ms (Views: 1.1ms | ActiveRecord: 0.2ms)


Started GET "/companies" for 127.0.0.1 at 2017-10-25 11:41:41 +0700
Processing by CompaniesController#index as HTML
  [1m[36mCompany Load (0.3ms)[0m  [1m[34mSELECT "companies".* FROM "companies"[0m
Completed 200 OK in 3ms (Views: 2.1ms | ActiveRecord: 0.3ms)


Started DELETE "/companies/1" for 127.0.0.1 at 2017-10-25 11:41:48 +0700
Processing by CompaniesController#destroy as HTML
  Parameters: {"id"=>"1"}
  [1m[36mCompany Load (0.1ms)[0m  [1m[34mSELECT  "companies".* FROM "companies" WHERE "companies"."id" = ? LIMIT ?[0m  [["id", 1], ["LIMIT", 1]]
  [1m[35m (0.1ms)[0m  [1m[36mbegin transaction[0m
  [1m[35mSQL (0.9ms)[0m  [1m[31mDELETE FROM "companies" WHERE "companies"."id" = ?[0m  [["id", 1]]
  [1m[35m (141.3ms)[0m  [1m[36mcommit transaction[0m
Redirected to http://localhost:3000/companies
Completed 302 Found in 146ms (ActiveRecord: 142.3ms)


Started DELETE "/companies" for 127.0.0.1 at 2017-10-25 11:41:51 +0700
  
ActionController::RoutingError (No route matches [DELETE] "/companies"):
  
actionpack (5.0.6) lib/action_dispatch/middleware/debug_exceptions.rb:53:in `call'
web-console (3.5.1) lib/web_console/middleware.rb:135:in `call_app'
web-console (3.5.1) lib/web_console/middleware.rb:28:in `block in call'
web-console (3.5.1) lib/web_console/middleware.rb:18:in `catch'
web-console (3.5.1) lib/web_console/middleware.rb:18:in `call'
actionpack (5.0.6) lib/action_dispatch/middleware/show_exceptions.rb:31:in `call'
railties (5.0.6) lib/rails/rack/logger.rb:36:in `call_app'
railties (5.0.6) lib/rails/rack/logger.rb:24:in `block in call'
activesupport (5.0.6) lib/active_support/tagged_logging.rb:69:in `block in tagged'
activesupport (5.0.6) lib/active_support/tagged_logging.rb:26:in `tagged'
activesupport (5.0.6) lib/active_support/tagged_logging.rb:69:in `tagged'
railties (5.0.6) lib/rails/rack/logger.rb:24:in `call'
sprockets-rails (3.2.1) lib/sprockets/rails/quiet_assets.rb:13:in `call'
actionpack (5.0.6) lib/action_dispatch/middleware/request_id.rb:24:in `call'
rack (2.0.3) lib/rack/method_override.rb:22:in `call'
rack (2.0.3) lib/rack/runtime.rb:22:in `call'
activesupport (5.0.6) lib/active_support/cache/strategy/local_cache_middleware.rb:28:in `call'
actionpack (5.0.6) lib/action_dispatch/middleware/executor.rb:12:in `call'
actionpack (5.0.6) lib/action_dispatch/middleware/static.rb:136:in `call'
rack (2.0.3) lib/rack/sendfile.rb:111:in `call'
railties (5.0.6) lib/rails/engine.rb:522:in `call'
puma (3.10.0) lib/puma/configuration.rb:225:in `call'
puma (3.10.0) lib/puma/server.rb:605:in `handle_request'
puma (3.10.0) lib/puma/server.rb:437:in `process_client'
puma (3.10.0) lib/puma/server.rb:301:in `block in run'
puma (3.10.0) lib/puma/thread_pool.rb:120:in `block in spawn_thread'
  Rendering /home/x201/.rvm/gems/ruby-2.3.0/gems/actionpack-5.0.6/lib/action_dispatch/middleware/templates/rescues/routing_error.html.erb within rescues/layout
  Rendering /home/x201/.rvm/gems/ruby-2.3.0/gems/actionpack-5.0.6/lib/action_dispatch/middleware/templates/rescues/_trace.html.erb
  Rendered /home/x201/.rvm/gems/ruby-2.3.0/gems/actionpack-5.0.6/lib/action_dispatch/middleware/templates/rescues/_trace.html.erb (1.3ms)
  Rendered collection of /home/x201/.rvm/gems/ruby-2.3.0/gems/actionpack-5.0.6/lib/action_dispatch/middleware/templates/routes/_route.html.erb [8 times] (4.7ms)
  Rendered /home/x201/.rvm/gems/ruby-2.3.0/gems/actionpack-5.0.6/lib/action_dispatch/middleware/templates/routes/_table.html.erb (7.3ms)
  Rendering /home/x201/.rvm/gems/ruby-2.3.0/gems/actionpack-5.0.6/lib/action_dispatch/middleware/templates/rescues/_request_and_response.html.erb
  Rendered /home/x201/.rvm/gems/ruby-2.3.0/gems/actionpack-5.0.6/lib/action_dispatch/middleware/templates/rescues/_request_and_response.html.erb (1.4ms)
  Rendered /home/x201/.rvm/gems/ruby-2.3.0/gems/actionpack-5.0.6/lib/action_dispatch/middleware/templates/rescues/routing_error.html.erb within rescues/layout (42.5ms)
Started DELETE "/companies/2" for 127.0.0.1 at 2017-10-25 11:42:13 +0700
Processing by CompaniesController#destroy as HTML
  Parameters: {"id"=>"2"}
  [1m[36mCompany Load (0.2ms)[0m  [1m[34mSELECT  "companies".* FROM "companies" WHERE "companies"."id" = ? LIMIT ?[0m  [["id", 2], ["LIMIT", 1]]
  [1m[35m (0.1ms)[0m  [1m[36mbegin transaction[0m
  [1m[35mSQL (0.9ms)[0m  [1m[31mDELETE FROM "companies" WHERE "companies"."id" = ?[0m  [["id", 2]]
  [1m[35m (117.0ms)[0m  [1m[36mcommit transaction[0m
Redirected to http://localhost:3000/companies
Completed 302 Found in 123ms (ActiveRecord: 118.2ms)


Started POST "/companies/2" for 127.0.0.1 at 2017-10-25 11:42:24 +0700
  
ActionController::RoutingError (No route matches [POST] "/companies/2"):
  
actionpack (5.0.6) lib/action_dispatch/middleware/debug_exceptions.rb:53:in `call'
web-console (3.5.1) lib/web_console/middleware.rb:135:in `call_app'
web-console (3.5.1) lib/web_console/middleware.rb:28:in `block in call'
web-console (3.5.1) lib/web_console/middleware.rb:18:in `catch'
web-console (3.5.1) lib/web_console/middleware.rb:18:in `call'
actionpack (5.0.6) lib/action_dispatch/middleware/show_exceptions.rb:31:in `call'
railties (5.0.6) lib/rails/rack/logger.rb:36:in `call_app'
railties (5.0.6) lib/rails/rack/logger.rb:24:in `block in call'
activesupport (5.0.6) lib/active_support/tagged_logging.rb:69:in `block in tagged'
activesupport (5.0.6) lib/active_support/tagged_logging.rb:26:in `tagged'
activesupport (5.0.6) lib/active_support/tagged_logging.rb:69:in `tagged'
railties (5.0.6) lib/rails/rack/logger.rb:24:in `call'
sprockets-rails (3.2.1) lib/sprockets/rails/quiet_assets.rb:13:in `call'
actionpack (5.0.6) lib/action_dispatch/middleware/request_id.rb:24:in `call'
rack (2.0.3) lib/rack/method_override.rb:22:in `call'
rack (2.0.3) lib/rack/runtime.rb:22:in `call'
activesupport (5.0.6) lib/active_support/cache/strategy/local_cache_middleware.rb:28:in `call'
actionpack (5.0.6) lib/action_dispatch/middleware/executor.rb:12:in `call'
actionpack (5.0.6) lib/action_dispatch/middleware/static.rb:136:in `call'
rack (2.0.3) lib/rack/sendfile.rb:111:in `call'
railties (5.0.6) lib/rails/engine.rb:522:in `call'
puma (3.10.0) lib/puma/configuration.rb:225:in `call'
puma (3.10.0) lib/puma/server.rb:605:in `handle_request'
puma (3.10.0) lib/puma/server.rb:437:in `process_client'
puma (3.10.0) lib/puma/server.rb:301:in `block in run'
puma (3.10.0) lib/puma/thread_pool.rb:120:in `block in spawn_thread'
  Rendering /home/x201/.rvm/gems/ruby-2.3.0/gems/actionpack-5.0.6/lib/action_dispatch/middleware/templates/rescues/routing_error.html.erb within rescues/layout
  Rendering /home/x201/.rvm/gems/ruby-2.3.0/gems/actionpack-5.0.6/lib/action_dispatch/middleware/templates/rescues/_trace.html.erb
  Rendered /home/x201/.rvm/gems/ruby-2.3.0/gems/actionpack-5.0.6/lib/action_dispatch/middleware/templates/rescues/_trace.html.erb (2.1ms)
  Rendered collection of /home/x201/.rvm/gems/ruby-2.3.0/gems/actionpack-5.0.6/lib/action_dispatch/middleware/templates/routes/_route.html.erb [8 times] (4.2ms)
  Rendered /home/x201/.rvm/gems/ruby-2.3.0/gems/actionpack-5.0.6/lib/action_dispatch/middleware/templates/routes/_table.html.erb (2.0ms)
  Rendering /home/x201/.rvm/gems/ruby-2.3.0/gems/actionpack-5.0.6/lib/action_dispatch/middleware/templates/rescues/_request_and_response.html.erb
  Rendered /home/x201/.rvm/gems/ruby-2.3.0/gems/actionpack-5.0.6/lib/action_dispatch/middleware/templates/rescues/_request_and_response.html.erb (2.2ms)
  Rendered /home/x201/.rvm/gems/ruby-2.3.0/gems/actionpack-5.0.6/lib/action_dispatch/middleware/templates/rescues/routing_error.html.erb within rescues/layout (39.1ms)
Started POST "/companies?company[name]=x223%20232323" for 127.0.0.1 at 2017-10-25 11:42:33 +0700
Processing by CompaniesController#create as HTML
  Parameters: {"company"=>{}}
  [1m[35m (0.1ms)[0m  [1m[36mbegin transaction[0m
  [1m[35mSQL (0.4ms)[0m  [1m[32mINSERT INTO "companies" ("name", "created_at", "updated_at") VALUES (?, ?, ?)[0m  [["name", "x223 232323"], ["created_at", "2017-10-25 04:42:33.019954"], ["updated_at", "2017-10-25 04:42:33.019954"]]
  [1m[35m (131.8ms)[0m  [1m[36mcommit transaction[0m
Redirected to http://localhost:3000/companies/3
Completed 302 Found in 137ms (ActiveRecord: 132.3ms)


Started GET "/companies/3" for 127.0.0.1 at 2017-10-25 11:42:33 +0700
Processing by CompaniesController#show as HTML
  Parameters: {"id"=>"3", "company"=>{}}
  [1m[36mCompany Load (0.1ms)[0m  [1m[34mSELECT  "companies".* FROM "companies" WHERE "companies"."id" = ? LIMIT ?[0m  [["id", 3], ["LIMIT", 1]]
Completed 200 OK in 2ms (Views: 0.7ms | ActiveRecord: 0.1ms)


Started DELETE "/companies/3" for 127.0.0.1 at 2017-10-25 11:42:42 +0700
Processing by CompaniesController#destroy as HTML
  Parameters: {"id"=>"3"}
  [1m[36mCompany Load (0.1ms)[0m  [1m[34mSELECT  "companies".* FROM "companies" WHERE "companies"."id" = ? LIMIT ?[0m  [["id", 3], ["LIMIT", 1]]
  [1m[35m (0.1ms)[0m  [1m[36mbegin transaction[0m
  [1m[35mSQL (0.3ms)[0m  [1m[31mDELETE FROM "companies" WHERE "companies"."id" = ?[0m  [["id", 3]]
  [1m[35m (120.1ms)[0m  [1m[36mcommit transaction[0m
Redirected to http://localhost:3000/companies
Completed 302 Found in 126ms (ActiveRecord: 120.6ms)


Started DELETE "/companies" for 127.0.0.1 at 2017-10-25 11:42:44 +0700
  
ActionController::RoutingError (No route matches [DELETE] "/companies"):
  
actionpack (5.0.6) lib/action_dispatch/middleware/debug_exceptions.rb:53:in `call'
web-console (3.5.1) lib/web_console/middleware.rb:135:in `call_app'
web-console (3.5.1) lib/web_console/middleware.rb:28:in `block in call'
web-console (3.5.1) lib/web_console/middleware.rb:18:in `catch'
web-console (3.5.1) lib/web_console/middleware.rb:18:in `call'
actionpack (5.0.6) lib/action_dispatch/middleware/show_exceptions.rb:31:in `call'
railties (5.0.6) lib/rails/rack/logger.rb:36:in `call_app'
railties (5.0.6) lib/rails/rack/logger.rb:24:in `block in call'
activesupport (5.0.6) lib/active_support/tagged_logging.rb:69:in `block in tagged'
activesupport (5.0.6) lib/active_support/tagged_logging.rb:26:in `tagged'
activesupport (5.0.6) lib/active_support/tagged_logging.rb:69:in `tagged'
railties (5.0.6) lib/rails/rack/logger.rb:24:in `call'
sprockets-rails (3.2.1) lib/sprockets/rails/quiet_assets.rb:13:in `call'
actionpack (5.0.6) lib/action_dispatch/middleware/request_id.rb:24:in `call'
rack (2.0.3) lib/rack/method_override.rb:22:in `call'
rack (2.0.3) lib/rack/runtime.rb:22:in `call'
activesupport (5.0.6) lib/active_support/cache/strategy/local_cache_middleware.rb:28:in `call'
actionpack (5.0.6) lib/action_dispatch/middleware/executor.rb:12:in `call'
actionpack (5.0.6) lib/action_dispatch/middleware/static.rb:136:in `call'
rack (2.0.3) lib/rack/sendfile.rb:111:in `call'
railties (5.0.6) lib/rails/engine.rb:522:in `call'
puma (3.10.0) lib/puma/configuration.rb:225:in `call'
puma (3.10.0) lib/puma/server.rb:605:in `handle_request'
puma (3.10.0) lib/puma/server.rb:437:in `process_client'
puma (3.10.0) lib/puma/server.rb:301:in `block in run'
puma (3.10.0) lib/puma/thread_pool.rb:120:in `block in spawn_thread'
  Rendering /home/x201/.rvm/gems/ruby-2.3.0/gems/actionpack-5.0.6/lib/action_dispatch/middleware/templates/rescues/routing_error.html.erb within rescues/layout
  Rendering /home/x201/.rvm/gems/ruby-2.3.0/gems/actionpack-5.0.6/lib/action_dispatch/middleware/templates/rescues/_trace.html.erb
  Rendered /home/x201/.rvm/gems/ruby-2.3.0/gems/actionpack-5.0.6/lib/action_dispatch/middleware/templates/rescues/_trace.html.erb (8.7ms)
  Rendered collection of /home/x201/.rvm/gems/ruby-2.3.0/gems/actionpack-5.0.6/lib/action_dispatch/middleware/templates/routes/_route.html.erb [8 times] (3.3ms)
  Rendered /home/x201/.rvm/gems/ruby-2.3.0/gems/actionpack-5.0.6/lib/action_dispatch/middleware/templates/routes/_table.html.erb (1.4ms)
  Rendering /home/x201/.rvm/gems/ruby-2.3.0/gems/actionpack-5.0.6/lib/action_dispatch/middleware/templates/rescues/_request_and_response.html.erb
  Rendered /home/x201/.rvm/gems/ruby-2.3.0/gems/actionpack-5.0.6/lib/action_dispatch/middleware/templates/rescues/_request_and_response.html.erb (1.4ms)
  Rendered /home/x201/.rvm/gems/ruby-2.3.0/gems/actionpack-5.0.6/lib/action_dispatch/middleware/templates/rescues/routing_error.html.erb within rescues/layout (38.7ms)
Started POST "/companies?company[name]=x223%20232323" for 127.0.0.1 at 2017-10-25 11:45:41 +0700
Processing by CompaniesController#create as HTML
  Parameters: {"company"=>{}}
  [1m[35m (0.1ms)[0m  [1m[36mbegin transaction[0m
  [1m[35mSQL (1.0ms)[0m  [1m[32mINSERT INTO "companies" ("name", "created_at", "updated_at") VALUES (?, ?, ?)[0m  [["name", "x223 232323"], ["created_at", "2017-10-25 04:45:41.398271"], ["updated_at", "2017-10-25 04:45:41.398271"]]
  [1m[35m (129.2ms)[0m  [1m[36mcommit transaction[0m
Redirected to http://localhost:3000/companies/4
Completed 302 Found in 134ms (ActiveRecord: 130.3ms)


Started GET "/companies/4" for 127.0.0.1 at 2017-10-25 11:45:41 +0700
Processing by CompaniesController#show as HTML
  Parameters: {"id"=>"4", "company"=>{}}
  [1m[36mCompany Load (0.2ms)[0m  [1m[34mSELECT  "companies".* FROM "companies" WHERE "companies"."id" = ? LIMIT ?[0m  [["id", 4], ["LIMIT", 1]]
Completed 200 OK in 3ms (Views: 1.1ms | ActiveRecord: 0.2ms)


Started DELETE "/companies/4.json" for 127.0.0.1 at 2017-10-25 11:45:50 +0700
Processing by CompaniesController#destroy as JSON
  Parameters: {"id"=>"4"}
  [1m[36mCompany Load (0.2ms)[0m  [1m[34mSELECT  "companies".* FROM "companies" WHERE "companies"."id" = ? LIMIT ?[0m  [["id", 4], ["LIMIT", 1]]
  [1m[35m (0.1ms)[0m  [1m[36mbegin transaction[0m
  [1m[35mSQL (1.1ms)[0m  [1m[31mDELETE FROM "companies" WHERE "companies"."id" = ?[0m  [["id", 4]]
  [1m[35m (125.8ms)[0m  [1m[36mcommit transaction[0m
Completed 204 No Content in 131ms (ActiveRecord: 127.1ms)


Started GET "/companies/4.json" for 127.0.0.1 at 2017-10-25 11:48:15 +0700
Processing by CompaniesController#show as JSON
  Parameters: {"id"=>"4"}
  [1m[36mCompany Load (0.3ms)[0m  [1m[34mSELECT  "companies".* FROM "companies" WHERE "companies"."id" = ? LIMIT ?[0m  [["id", 4], ["LIMIT", 1]]
Completed 404 Not Found in 11ms (ActiveRecord: 1.7ms)


  
ActiveRecord::RecordNotFound (Couldn't find Company with 'id'=4):
  
app/controllers/companies_controller.rb:84:in `set_company'
  Rendering /home/x201/.rvm/gems/ruby-2.3.0/gems/actionpack-5.0.6/lib/action_dispatch/middleware/templates/rescues/diagnostics.html.erb within rescues/layout
  Rendering /home/x201/.rvm/gems/ruby-2.3.0/gems/actionpack-5.0.6/lib/action_dispatch/middleware/templates/rescues/_source.html.erb
  Rendered /home/x201/.rvm/gems/ruby-2.3.0/gems/actionpack-5.0.6/lib/action_dispatch/middleware/templates/rescues/_source.html.erb (4.5ms)
  Rendering /home/x201/.rvm/gems/ruby-2.3.0/gems/actionpack-5.0.6/lib/action_dispatch/middleware/templates/rescues/_trace.html.erb
  Rendered /home/x201/.rvm/gems/ruby-2.3.0/gems/actionpack-5.0.6/lib/action_dispatch/middleware/templates/rescues/_trace.html.erb (8.4ms)
  Rendering /home/x201/.rvm/gems/ruby-2.3.0/gems/actionpack-5.0.6/lib/action_dispatch/middleware/templates/rescues/_request_and_response.html.erb
  Rendered /home/x201/.rvm/gems/ruby-2.3.0/gems/actionpack-5.0.6/lib/action_dispatch/middleware/templates/rescues/_request_and_response.html.erb (1.4ms)
  Rendered /home/x201/.rvm/gems/ruby-2.3.0/gems/actionpack-5.0.6/lib/action_dispatch/middleware/templates/rescues/diagnostics.html.erb within rescues/layout (34.4ms)
Started GET "/companies/3" for 127.0.0.1 at 2017-10-25 11:48:38 +0700
Processing by CompaniesController#show as HTML
  Parameters: {"id"=>"3"}
  [1m[36mCompany Load (0.1ms)[0m  [1m[34mSELECT  "companies".* FROM "companies" WHERE "companies"."id" = ? LIMIT ?[0m  [["id", 3], ["LIMIT", 1]]
Completed 404 Not Found in 2ms (ActiveRecord: 0.1ms)


  
ActiveRecord::RecordNotFound (Couldn't find Company with 'id'=3):
  
app/controllers/companies_controller.rb:84:in `set_company'
  Rendering /home/x201/.rvm/gems/ruby-2.3.0/gems/actionpack-5.0.6/lib/action_dispatch/middleware/templates/rescues/diagnostics.html.erb within rescues/layout
  Rendering /home/x201/.rvm/gems/ruby-2.3.0/gems/actionpack-5.0.6/lib/action_dispatch/middleware/templates/rescues/_source.html.erb
  Rendered /home/x201/.rvm/gems/ruby-2.3.0/gems/actionpack-5.0.6/lib/action_dispatch/middleware/templates/rescues/_source.html.erb (3.8ms)
  Rendering /home/x201/.rvm/gems/ruby-2.3.0/gems/actionpack-5.0.6/lib/action_dispatch/middleware/templates/rescues/_trace.html.erb
  Rendered /home/x201/.rvm/gems/ruby-2.3.0/gems/actionpack-5.0.6/lib/action_dispatch/middleware/templates/rescues/_trace.html.erb (2.0ms)
  Rendering /home/x201/.rvm/gems/ruby-2.3.0/gems/actionpack-5.0.6/lib/action_dispatch/middleware/templates/rescues/_request_and_response.html.erb
  Rendered /home/x201/.rvm/gems/ruby-2.3.0/gems/actionpack-5.0.6/lib/action_dispatch/middleware/templates/rescues/_request_and_response.html.erb (1.0ms)
  Rendered /home/x201/.rvm/gems/ruby-2.3.0/gems/actionpack-5.0.6/lib/action_dispatch/middleware/templates/rescues/diagnostics.html.erb within rescues/layout (25.9ms)
Started POST "/companies?company[name]=x223%20232323" for 127.0.0.1 at 2017-10-25 11:48:43 +0700
Processing by CompaniesController#create as HTML
  Parameters: {"company"=>{}}
  [1m[35m (0.2ms)[0m  [1m[36mbegin transaction[0m
  [1m[35mSQL (1.0ms)[0m  [1m[32mINSERT INTO "companies" ("name", "created_at", "updated_at") VALUES (?, ?, ?)[0m  [["name", "x223 232323"], ["created_at", "2017-10-25 04:48:43.221821"], ["updated_at", "2017-10-25 04:48:43.221821"]]
  [1m[35m (129.3ms)[0m  [1m[36mcommit transaction[0m
Redirected to http://localhost:3000/companies/5
Completed 302 Found in 144ms (ActiveRecord: 130.5ms)


Started GET "/companies/5" for 127.0.0.1 at 2017-10-25 11:48:43 +0700
Processing by CompaniesController#show as HTML
  Parameters: {"id"=>"5", "company"=>{}}
  [1m[36mCompany Load (0.1ms)[0m  [1m[34mSELECT  "companies".* FROM "companies" WHERE "companies"."id" = ? LIMIT ?[0m  [["id", 5], ["LIMIT", 1]]
  Rendering companies/show.html.erb within layouts/application
  Rendered companies/show.html.erb within layouts/application (1.0ms)
Completed 200 OK in 338ms (Views: 336.2ms | ActiveRecord: 0.1ms)


Started POST "/companies.json?company[name]=x223%20232323" for 127.0.0.1 at 2017-10-25 11:49:09 +0700
Processing by CompaniesController#create as JSON
  Parameters: {"company"=>{}}
  [1m[35m (0.1ms)[0m  [1m[36mbegin transaction[0m
  [1m[35mSQL (2.3ms)[0m  [1m[32mINSERT INTO "companies" ("name", "created_at", "updated_at") VALUES (?, ?, ?)[0m  [["name", "x223 232323"], ["created_at", "2017-10-25 04:49:09.327549"], ["updated_at", "2017-10-25 04:49:09.327549"]]
  [1m[35m (175.1ms)[0m  [1m[36mcommit transaction[0m
  Rendering companies/show.json.jbuilder
  Rendered companies/_company.json.jbuilder (1.0ms)
  Rendered companies/show.json.jbuilder (4.2ms)
Completed 201 Created in 189ms (Views: 8.0ms | ActiveRecord: 177.4ms)


Started GET "/companies/6.json" for 127.0.0.1 at 2017-10-25 11:49:35 +0700
Processing by CompaniesController#show as JSON
  Parameters: {"id"=>"6"}
  [1m[36mCompany Load (0.2ms)[0m  [1m[34mSELECT  "companies".* FROM "companies" WHERE "companies"."id" = ? LIMIT ?[0m  [["id", 6], ["LIMIT", 1]]
Completed 200 OK in 2ms (Views: 0.8ms | ActiveRecord: 0.2ms)


Started GET "/" for 127.0.0.1 at 2017-10-25 12:01:27 +0700
Processing by Rails::WelcomeController#index as HTML
  Parameters: {"internal"=>true}
  Rendering /home/x201/.rvm/gems/ruby-2.3.0/gems/railties-5.0.6/lib/rails/templates/rails/welcome/index.html.erb
  Rendered /home/x201/.rvm/gems/ruby-2.3.0/gems/railties-5.0.6/lib/rails/templates/rails/welcome/index.html.erb (2.9ms)
Completed 200 OK in 6ms (Views: 4.5ms | ActiveRecord: 0.0ms)


Started GET "/companies" for 127.0.0.1 at 2017-10-25 12:01:32 +0700
Processing by CompaniesController#index as HTML
  Rendering companies/index.html.erb within layouts/application
  [1m[36mCompany Load (0.6ms)[0m  [1m[34mSELECT "companies".* FROM "companies"[0m
  Rendered companies/index.html.erb within layouts/application (13.0ms)
Completed 200 OK in 66ms (Views: 59.5ms | ActiveRecord: 1.6ms)


Started GET "/companies/5" for 127.0.0.1 at 2017-10-25 12:01:35 +0700
Processing by CompaniesController#show as HTML
  Parameters: {"id"=>"5"}
  [1m[36mCompany Load (0.3ms)[0m  [1m[34mSELECT  "companies".* FROM "companies" WHERE "companies"."id" = ? LIMIT ?[0m  [["id", 5], ["LIMIT", 1]]
  Rendering companies/show.html.erb within layouts/application
  Rendered companies/show.html.erb within layouts/application (1.0ms)
Completed 200 OK in 29ms (Views: 27.1ms | ActiveRecord: 0.3ms)


Started GET "/companies/5/edit" for 127.0.0.1 at 2017-10-25 12:01:36 +0700
Processing by CompaniesController#edit as HTML
  Parameters: {"id"=>"5"}
  [1m[36mCompany Load (0.6ms)[0m  [1m[34mSELECT  "companies".* FROM "companies" WHERE "companies"."id" = ? LIMIT ?[0m  [["id", 5], ["LIMIT", 1]]
  Rendering companies/show.html.erb within layouts/application
  Rendered companies/show.html.erb within layouts/application (1.2ms)
Completed 200 OK in 25ms (Views: 23.0ms | ActiveRecord: 0.6ms)


Started GET "/companies/5/edit" for 127.0.0.1 at 2017-10-25 12:01:37 +0700
Processing by CompaniesController#edit as HTML
  Parameters: {"id"=>"5"}
  [1m[36mCompany Load (0.2ms)[0m  [1m[34mSELECT  "companies".* FROM "companies" WHERE "companies"."id" = ? LIMIT ?[0m  [["id", 5], ["LIMIT", 1]]
  Rendering companies/show.html.erb within layouts/application
  Rendered companies/show.html.erb within layouts/application (0.8ms)
Completed 200 OK in 24ms (Views: 22.2ms | ActiveRecord: 0.2ms)


Started GET "/companies/5/edit" for 127.0.0.1 at 2017-10-25 12:01:39 +0700
Processing by CompaniesController#edit as HTML
  Parameters: {"id"=>"5"}
  [1m[36mCompany Load (0.3ms)[0m  [1m[34mSELECT  "companies".* FROM "companies" WHERE "companies"."id" = ? LIMIT ?[0m  [["id", 5], ["LIMIT", 1]]
  Rendering companies/show.html.erb within layouts/application
  Rendered companies/show.html.erb within layouts/application (1.0ms)
Completed 200 OK in 51ms (Views: 48.6ms | ActiveRecord: 0.3ms)


Started GET "/companies" for 127.0.0.1 at 2017-10-25 12:01:40 +0700
Processing by CompaniesController#index as HTML
  Rendering companies/index.html.erb within layouts/application
  [1m[36mCompany Load (0.3ms)[0m  [1m[34mSELECT "companies".* FROM "companies"[0m
  Rendered companies/index.html.erb within layouts/application (3.2ms)
Completed 200 OK in 36ms (Views: 34.0ms | ActiveRecord: 0.3ms)


Started GET "/companies" for 127.0.0.1 at 2017-10-25 12:02:44 +0700
Processing by CompaniesController#index as HTML
  Rendering companies/index.html.erb within layouts/application
  [1m[36mCompany Load (0.3ms)[0m  [1m[34mSELECT "companies".* FROM "companies"[0m
  Rendered companies/index.html.erb within layouts/application (4.1ms)
Completed 200 OK in 38ms (Views: 36.0ms | ActiveRecord: 0.3ms)


Started GET "/companies/5" for 127.0.0.1 at 2017-10-25 12:02:46 +0700
Processing by CompaniesController#show as HTML
  Parameters: {"id"=>"5"}
  [1m[36mCompany Load (0.1ms)[0m  [1m[34mSELECT  "companies".* FROM "companies" WHERE "companies"."id" = ? LIMIT ?[0m  [["id", 5], ["LIMIT", 1]]
  Rendering companies/show.html.erb within layouts/application
  Rendered companies/show.html.erb within layouts/application (0.8ms)
Completed 200 OK in 25ms (Views: 23.4ms | ActiveRecord: 0.1ms)


Started GET "/companies/5" for 127.0.0.1 at 2017-10-25 12:03:33 +0700
Processing by CompaniesController#show as HTML
  Parameters: {"id"=>"5"}
  [1m[36mCompany Load (0.6ms)[0m  [1m[34mSELECT  "companies".* FROM "companies" WHERE "companies"."id" = ? LIMIT ?[0m  [["id", 5], ["LIMIT", 1]]
  Rendering companies/show.html.erb within layouts/application
  Rendered companies/show.html.erb within layouts/application (258.3ms)
Completed 500 Internal Server Error in 263ms (ActiveRecord: 0.6ms)


  
ActionView::Template::Error (undefined local variable or method `company' for #<#<Class:0x007f1fb80cdfd0>:0x007f1fd00ab3c8>
Did you mean?  @company):
    13: 
    14:   <tbody>
    15:       <tr>
    16:         <td><%= company.id %></td>
    17:         <td><%= company.name %></td>
    18:         <td><%= company.total_employee %></td>
    19:       </tr>
  
app/views/companies/show.html.erb:16:in `_app_views_companies_show_html_erb__3827543640429058197_69887305535520'
app/controllers/companies_controller.rb:19:in `block (2 levels) in show'
app/controllers/companies_controller.rb:18:in `show'
  Rendering /home/x201/.rvm/gems/ruby-2.3.0/gems/actionpack-5.0.6/lib/action_dispatch/middleware/templates/rescues/template_error.html.erb within rescues/layout
  Rendering /home/x201/.rvm/gems/ruby-2.3.0/gems/actionpack-5.0.6/lib/action_dispatch/middleware/templates/rescues/_source.html.erb
  Rendered /home/x201/.rvm/gems/ruby-2.3.0/gems/actionpack-5.0.6/lib/action_dispatch/middleware/templates/rescues/_source.html.erb (8.1ms)
  Rendering /home/x201/.rvm/gems/ruby-2.3.0/gems/actionpack-5.0.6/lib/action_dispatch/middleware/templates/rescues/_trace.html.erb
  Rendered /home/x201/.rvm/gems/ruby-2.3.0/gems/actionpack-5.0.6/lib/action_dispatch/middleware/templates/rescues/_trace.html.erb (3.4ms)
  Rendering /home/x201/.rvm/gems/ruby-2.3.0/gems/actionpack-5.0.6/lib/action_dispatch/middleware/templates/rescues/_request_and_response.html.erb
  Rendered /home/x201/.rvm/gems/ruby-2.3.0/gems/actionpack-5.0.6/lib/action_dispatch/middleware/templates/rescues/_request_and_response.html.erb (1.7ms)
  Rendered /home/x201/.rvm/gems/ruby-2.3.0/gems/actionpack-5.0.6/lib/action_dispatch/middleware/templates/rescues/template_error.html.erb within rescues/layout (34.5ms)
Started GET "/companies/5" for 127.0.0.1 at 2017-10-25 12:04:00 +0700
Processing by CompaniesController#show as HTML
  Parameters: {"id"=>"5"}
  [1m[36mCompany Load (0.3ms)[0m  [1m[34mSELECT  "companies".* FROM "companies" WHERE "companies"."id" = ? LIMIT ?[0m  [["id", 5], ["LIMIT", 1]]
  Rendering companies/show.html.erb within layouts/application
  Rendered companies/show.html.erb within layouts/application (2.4ms)
Completed 200 OK in 48ms (Views: 45.8ms | ActiveRecord: 0.3ms)


Started GET "/companies/5" for 127.0.0.1 at 2017-10-25 12:04:54 +0700
Processing by CompaniesController#show as HTML
  Parameters: {"id"=>"5"}
  [1m[36mCompany Load (0.7ms)[0m  [1m[34mSELECT  "companies".* FROM "companies" WHERE "companies"."id" = ? LIMIT ?[0m  [["id", 5], ["LIMIT", 1]]
  Rendering companies/show.html.erb within layouts/application
  Rendered companies/show.html.erb within layouts/application (1.6ms)
Completed 200 OK in 33ms (Views: 30.2ms | ActiveRecord: 0.7ms)


Started GET "/companies/5" for 127.0.0.1 at 2017-10-25 12:05:12 +0700
Processing by CompaniesController#show as HTML
  Parameters: {"id"=>"5"}
  [1m[36mCompany Load (0.2ms)[0m  [1m[34mSELECT  "companies".* FROM "companies" WHERE "companies"."id" = ? LIMIT ?[0m  [["id", 5], ["LIMIT", 1]]
  Rendering companies/show.html.erb within layouts/application
  Rendered companies/show.html.erb within layouts/application (1.5ms)
Completed 200 OK in 29ms (Views: 27.5ms | ActiveRecord: 0.2ms)


Started GET "/companies/5" for 127.0.0.1 at 2017-10-25 12:05:18 +0700
Processing by CompaniesController#show as HTML
  Parameters: {"id"=>"5"}
  [1m[36mCompany Load (0.2ms)[0m  [1m[34mSELECT  "companies".* FROM "companies" WHERE "companies"."id" = ? LIMIT ?[0m  [["id", 5], ["LIMIT", 1]]
  Rendering companies/show.html.erb within layouts/application
  Rendered companies/show.html.erb within layouts/application (1.6ms)
Completed 200 OK in 32ms (Views: 30.0ms | ActiveRecord: 0.2ms)


Started GET "/companies/5/edit" for 127.0.0.1 at 2017-10-25 12:05:20 +0700
Processing by CompaniesController#edit as HTML
  Parameters: {"id"=>"5"}
  [1m[36mCompany Load (0.7ms)[0m  [1m[34mSELECT  "companies".* FROM "companies" WHERE "companies"."id" = ? LIMIT ?[0m  [["id", 5], ["LIMIT", 1]]
  Rendering companies/show.html.erb within layouts/application
  Rendered companies/show.html.erb within layouts/application (2.3ms)
Completed 200 OK in 32ms (Views: 29.0ms | ActiveRecord: 0.7ms)


Started GET "/companies/5/edit" for 127.0.0.1 at 2017-10-25 12:05:23 +0700
Processing by CompaniesController#edit as HTML
  Parameters: {"id"=>"5"}
  [1m[36mCompany Load (0.1ms)[0m  [1m[34mSELECT  "companies".* FROM "companies" WHERE "companies"."id" = ? LIMIT ?[0m  [["id", 5], ["LIMIT", 1]]
  Rendering companies/show.html.erb within layouts/application
  Rendered companies/show.html.erb within layouts/application (1.2ms)
Completed 200 OK in 27ms (Views: 25.3ms | ActiveRecord: 0.1ms)


Started GET "/companies/5/edit" for 127.0.0.1 at 2017-10-25 12:05:25 +0700
Processing by CompaniesController#edit as HTML
  Parameters: {"id"=>"5"}
  [1m[36mCompany Load (0.6ms)[0m  [1m[34mSELECT  "companies".* FROM "companies" WHERE "companies"."id" = ? LIMIT ?[0m  [["id", 5], ["LIMIT", 1]]
  Rendering companies/show.html.erb within layouts/application
  Rendered companies/show.html.erb within layouts/application (1.4ms)
Completed 200 OK in 29ms (Views: 26.2ms | ActiveRecord: 0.6ms)


Started GET "/companies/5/edit" for 127.0.0.1 at 2017-10-25 12:05:25 +0700
Processing by CompaniesController#edit as HTML
  Parameters: {"id"=>"5"}
  [1m[36mCompany Load (0.2ms)[0m  [1m[34mSELECT  "companies".* FROM "companies" WHERE "companies"."id" = ? LIMIT ?[0m  [["id", 5], ["LIMIT", 1]]
  Rendering companies/show.html.erb within layouts/application
  Rendered companies/show.html.erb within layouts/application (1.5ms)
Completed 200 OK in 31ms (Views: 29.1ms | ActiveRecord: 0.2ms)


Started GET "/companies/5/edit" for 127.0.0.1 at 2017-10-25 12:05:53 +0700
Processing by CompaniesController#edit as HTML
  Parameters: {"id"=>"5"}
  [1m[36mCompany Load (0.3ms)[0m  [1m[34mSELECT  "companies".* FROM "companies" WHERE "companies"."id" = ? LIMIT ?[0m  [["id", 5], ["LIMIT", 1]]
  Rendering companies/show.html.erb within layouts/application
  Rendered companies/show.html.erb within layouts/application (1.2ms)
Completed 200 OK in 30ms (Views: 27.3ms | ActiveRecord: 0.3ms)


Started GET "/companies/5/edit" for 127.0.0.1 at 2017-10-25 12:05:54 +0700
Processing by CompaniesController#edit as HTML
  Parameters: {"id"=>"5"}
  [1m[36mCompany Load (0.3ms)[0m  [1m[34mSELECT  "companies".* FROM "companies" WHERE "companies"."id" = ? LIMIT ?[0m  [["id", 5], ["LIMIT", 1]]
  Rendering companies/show.html.erb within layouts/application
  Rendered companies/show.html.erb within layouts/application (1.4ms)
Completed 200 OK in 35ms (Views: 33.2ms | ActiveRecord: 0.3ms)


Started GET "/companies/5/edit" for 127.0.0.1 at 2017-10-25 12:05:56 +0700
Processing by CompaniesController#edit as HTML
  Parameters: {"id"=>"5"}
  [1m[36mCompany Load (0.2ms)[0m  [1m[34mSELECT  "companies".* FROM "companies" WHERE "companies"."id" = ? LIMIT ?[0m  [["id", 5], ["LIMIT", 1]]
  Rendering companies/show.html.erb within layouts/application
  Rendered companies/show.html.erb within layouts/application (1.4ms)
Completed 200 OK in 28ms (Views: 26.6ms | ActiveRecord: 0.2ms)


Started GET "/companies/5/edit" for 127.0.0.1 at 2017-10-25 12:06:10 +0700
Processing by CompaniesController#edit as HTML
  Parameters: {"id"=>"5"}
  [1m[36mCompany Load (0.3ms)[0m  [1m[34mSELECT  "companies".* FROM "companies" WHERE "companies"."id" = ? LIMIT ?[0m  [["id", 5], ["LIMIT", 1]]
  Rendering companies/show.html.erb within layouts/application
  Rendered companies/show.html.erb within layouts/application (1.5ms)
Completed 200 OK in 30ms (Views: 28.0ms | ActiveRecord: 0.3ms)


Started GET "/companies/5/edit" for 127.0.0.1 at 2017-10-25 12:06:20 +0700
Processing by CompaniesController#edit as HTML
  Parameters: {"id"=>"5"}
  [1m[36mCompany Load (0.2ms)[0m  [1m[34mSELECT  "companies".* FROM "companies" WHERE "companies"."id" = ? LIMIT ?[0m  [["id", 5], ["LIMIT", 1]]
  Rendering companies/show.html.erb within layouts/application
  Rendered companies/show.html.erb within layouts/application (0.9ms)
Completed 200 OK in 41ms (Views: 27.4ms | ActiveRecord: 1.1ms)


Started GET "/companies/5/edit" for 127.0.0.1 at 2017-10-25 12:06:25 +0700
Processing by CompaniesController#edit as HTML
  Parameters: {"id"=>"5"}
  [1m[36mCompany Load (0.2ms)[0m  [1m[34mSELECT  "companies".* FROM "companies" WHERE "companies"."id" = ? LIMIT ?[0m  [["id", 5], ["LIMIT", 1]]
  Rendering companies/show.html.erb within layouts/application
  Rendered companies/show.html.erb within layouts/application (1.0ms)
Completed 200 OK in 38ms (Views: 25.9ms | ActiveRecord: 1.0ms)


Started GET "/companies/5/edit" for 127.0.0.1 at 2017-10-25 12:06:27 +0700
Processing by CompaniesController#edit as HTML
  Parameters: {"id"=>"5"}
  [1m[36mCompany Load (0.4ms)[0m  [1m[34mSELECT  "companies".* FROM "companies" WHERE "companies"."id" = ? LIMIT ?[0m  [["id", 5], ["LIMIT", 1]]
  Rendering companies/show.html.erb within layouts/application
  Rendered companies/show.html.erb within layouts/application (1.4ms)
Completed 200 OK in 29ms (Views: 27.2ms | ActiveRecord: 0.4ms)


Started GET "/companies/5/edit" for 127.0.0.1 at 2017-10-25 12:07:05 +0700
Processing by CompaniesController#edit as HTML
  Parameters: {"id"=>"5"}
  [1m[36mCompany Load (0.2ms)[0m  [1m[34mSELECT  "companies".* FROM "companies" WHERE "companies"."id" = ? LIMIT ?[0m  [["id", 5], ["LIMIT", 1]]
  Rendering companies/edit.html.erb within layouts/application
  Rendered companies/_form.html.erb (7.4ms)
  Rendered companies/edit.html.erb within layouts/application (8.9ms)
Completed 200 OK in 45ms (Views: 32.2ms | ActiveRecord: 1.2ms)


Started PATCH "/companies/5" for 127.0.0.1 at 2017-10-25 12:07:07 +0700
Processing by CompaniesController#update as HTML
  Parameters: {"utf8"=>"✓", "authenticity_token"=>"WnQWUxCwWLEIjgfuRVP+aM4abgQTUpjWSohIsZTh4z4Gh2I62mmjtYCrN3nQEDQFYaiexqCuF56yWMXpTmk/RA==", "company"=>{"name"=>"x223 232323"}, "commit"=>"Update Company", "id"=>"5"}
  [1m[36mCompany Load (0.5ms)[0m  [1m[34mSELECT  "companies".* FROM "companies" WHERE "companies"."id" = ? LIMIT ?[0m  [["id", 5], ["LIMIT", 1]]
  [1m[35m (0.1ms)[0m  [1m[36mbegin transaction[0m
  [1m[35m (0.1ms)[0m  [1m[36mcommit transaction[0m
Redirected to http://localhost:3000/companies/5
Completed 302 Found in 4ms (ActiveRecord: 0.6ms)


Started GET "/companies/5" for 127.0.0.1 at 2017-10-25 12:07:07 +0700
Processing by CompaniesController#show as HTML
  Parameters: {"id"=>"5"}
  [1m[36mCompany Load (0.6ms)[0m  [1m[34mSELECT  "companies".* FROM "companies" WHERE "companies"."id" = ? LIMIT ?[0m  [["id", 5], ["LIMIT", 1]]
  Rendering companies/show.html.erb within layouts/application
  Rendered companies/show.html.erb within layouts/application (1.7ms)
Completed 200 OK in 28ms (Views: 25.5ms | ActiveRecord: 0.6ms)


Started GET "/companies/5/edit" for 127.0.0.1 at 2017-10-25 12:07:10 +0700
Processing by CompaniesController#edit as HTML
  Parameters: {"id"=>"5"}
  [1m[36mCompany Load (0.5ms)[0m  [1m[34mSELECT  "companies".* FROM "companies" WHERE "companies"."id" = ? LIMIT ?[0m  [["id", 5], ["LIMIT", 1]]
  Rendering companies/edit.html.erb within layouts/application
  Rendered companies/_form.html.erb (3.0ms)
  Rendered companies/edit.html.erb within layouts/application (5.3ms)
Completed 200 OK in 31ms (Views: 28.8ms | ActiveRecord: 0.5ms)


Started PATCH "/companies/5" for 127.0.0.1 at 2017-10-25 12:07:13 +0700
Processing by CompaniesController#update as HTML
  Parameters: {"utf8"=>"✓", "authenticity_token"=>"PYqyDllLFvPteU9rDKOAx+dfX2uJZ0P7VZ/V9+hZKudcw6MtVYXU9/loCqkEXGYmnxsfYWxvbCtizeEU4/pI+w==", "company"=>{"name"=>"x223 232        323"}, "commit"=>"Update Company", "id"=>"5"}
  [1m[36mCompany Load (0.2ms)[0m  [1m[34mSELECT  "companies".* FROM "companies" WHERE "companies"."id" = ? LIMIT ?[0m  [["id", 5], ["LIMIT", 1]]
  [1m[35m (0.1ms)[0m  [1m[36mbegin transaction[0m
  [1m[35mSQL (0.4ms)[0m  [1m[33mUPDATE "companies" SET "name" = ?, "updated_at" = ? WHERE "companies"."id" = ?[0m  [["name", "x223 232        323"], ["updated_at", "2017-10-25 05:07:13.339893"], ["id", 5]]
  [1m[35m (169.1ms)[0m  [1m[36mcommit transaction[0m
Redirected to http://localhost:3000/companies/5
Completed 302 Found in 177ms (ActiveRecord: 169.7ms)


Started GET "/companies/5" for 127.0.0.1 at 2017-10-25 12:07:13 +0700
Processing by CompaniesController#show as HTML
  Parameters: {"id"=>"5"}
  [1m[36mCompany Load (0.6ms)[0m  [1m[34mSELECT  "companies".* FROM "companies" WHERE "companies"."id" = ? LIMIT ?[0m  [["id", 5], ["LIMIT", 1]]
  Rendering companies/show.html.erb within layouts/application
  Rendered companies/show.html.erb within layouts/application (1.4ms)
Completed 200 OK in 32ms (Views: 29.5ms | ActiveRecord: 0.6ms)


Started GET "/companies/5/edit" for 127.0.0.1 at 2017-10-25 12:07:15 +0700
Processing by CompaniesController#edit as HTML
  Parameters: {"id"=>"5"}
  [1m[36mCompany Load (0.3ms)[0m  [1m[34mSELECT  "companies".* FROM "companies" WHERE "companies"."id" = ? LIMIT ?[0m  [["id", 5], ["LIMIT", 1]]
  Rendering companies/edit.html.erb within layouts/application
  Rendered companies/_form.html.erb (1.8ms)
  Rendered companies/edit.html.erb within layouts/application (3.1ms)
Completed 200 OK in 29ms (Views: 27.0ms | ActiveRecord: 0.3ms)


Started PATCH "/companies/5" for 127.0.0.1 at 2017-10-25 12:07:17 +0700
Processing by CompaniesController#update as HTML
  Parameters: {"utf8"=>"✓", "authenticity_token"=>"W1+PHvuLnRUiPDW/KXRpLDwp9BKsqswyQCxE9v45qNU6Fp4990VfETYtcH0hi4/NRG20GEmi4+J3fnAV9ZrKyQ==", "company"=>{"name"=>"x223 232        2222"}, "commit"=>"Update Company", "id"=>"5"}
  [1m[36mCompany Load (0.4ms)[0m  [1m[34mSELECT  "companies".* FROM "companies" WHERE "companies"."id" = ? LIMIT ?[0m  [["id", 5], ["LIMIT", 1]]
  [1m[35m (0.1ms)[0m  [1m[36mbegin transaction[0m
  [1m[35mSQL (0.3ms)[0m  [1m[33mUPDATE "companies" SET "name" = ?, "updated_at" = ? WHERE "companies"."id" = ?[0m  [["name", "x223 232        2222"], ["updated_at", "2017-10-25 05:07:17.254188"], ["id", 5]]
  [1m[35m (169.0ms)[0m  [1m[36mcommit transaction[0m
Redirected to http://localhost:3000/companies/5
Completed 302 Found in 175ms (ActiveRecord: 169.8ms)


Started GET "/companies/5" for 127.0.0.1 at 2017-10-25 12:07:17 +0700
Processing by CompaniesController#show as HTML
  Parameters: {"id"=>"5"}
  [1m[36mCompany Load (0.4ms)[0m  [1m[34mSELECT  "companies".* FROM "companies" WHERE "companies"."id" = ? LIMIT ?[0m  [["id", 5], ["LIMIT", 1]]
  Rendering companies/show.html.erb within layouts/application
  Rendered companies/show.html.erb within layouts/application (1.1ms)
Completed 200 OK in 25ms (Views: 23.3ms | ActiveRecord: 0.4ms)


Started GET "/companies/5" for 127.0.0.1 at 2017-10-25 12:07:48 +0700
Processing by CompaniesController#show as HTML
  Parameters: {"id"=>"5"}
  [1m[36mCompany Load (0.2ms)[0m  [1m[34mSELECT  "companies".* FROM "companies" WHERE "companies"."id" = ? LIMIT ?[0m  [["id", 5], ["LIMIT", 1]]
  Rendering companies/show.html.erb within layouts/application
  Rendered companies/show.html.erb within layouts/application (1.1ms)
Completed 200 OK in 36ms (Views: 22.7ms | ActiveRecord: 1.1ms)


Started GET "/companies/5/edit" for 127.0.0.1 at 2017-10-25 12:07:49 +0700
Processing by CompaniesController#edit as HTML
  Parameters: {"id"=>"5"}
  [1m[36mCompany Load (0.5ms)[0m  [1m[34mSELECT  "companies".* FROM "companies" WHERE "companies"."id" = ? LIMIT ?[0m  [["id", 5], ["LIMIT", 1]]
  Rendering companies/edit.html.erb within layouts/application
  Rendered companies/_form.html.erb (2.6ms)
  Rendered companies/edit.html.erb within layouts/application (4.9ms)
Completed 200 OK in 30ms (Views: 28.2ms | ActiveRecord: 0.5ms)


Started PATCH "/companies/5" for 127.0.0.1 at 2017-10-25 12:08:05 +0700
Processing by CompaniesController#update as HTML
  Parameters: {"utf8"=>"✓", "authenticity_token"=>"BuG7bviGSuEpLIn/5MPRxnTJ9moXmAMI9jyqX16S1l1nqKpN9EiI5T09zD3sPDcnDI22YPKQLNjBbp68VTG0QQ==", "company"=>{"name"=>"x223 232        2222", "address"=>""}, "commit"=>"Update Company", "id"=>"5"}
  [1m[36mCompany Load (0.4ms)[0m  [1m[34mSELECT  "companies".* FROM "companies" WHERE "companies"."id" = ? LIMIT ?[0m  [["id", 5], ["LIMIT", 1]]
  [1m[35m (0.0ms)[0m  [1m[36mbegin transaction[0m
  [1m[35mSQL (0.3ms)[0m  [1m[33mUPDATE "companies" SET "address" = ?, "updated_at" = ? WHERE "companies"."id" = ?[0m  [["address", ""], ["updated_at", "2017-10-25 05:08:05.176789"], ["id", 5]]
  [1m[35m (135.9ms)[0m  [1m[36mcommit transaction[0m
Redirected to http://localhost:3000/companies/5
Completed 302 Found in 142ms (ActiveRecord: 136.6ms)


Started GET "/companies/5" for 127.0.0.1 at 2017-10-25 12:08:05 +0700
Processing by CompaniesController#show as HTML
  Parameters: {"id"=>"5"}
  [1m[36mCompany Load (0.2ms)[0m  [1m[34mSELECT  "companies".* FROM "companies" WHERE "companies"."id" = ? LIMIT ?[0m  [["id", 5], ["LIMIT", 1]]
  Rendering companies/show.html.erb within layouts/application
  Rendered companies/show.html.erb within layouts/application (1.5ms)
Completed 200 OK in 28ms (Views: 26.3ms | ActiveRecord: 0.2ms)


Started GET "/companies/5/edit" for 127.0.0.1 at 2017-10-25 12:08:07 +0700
Processing by CompaniesController#edit as HTML
  Parameters: {"id"=>"5"}
  [1m[36mCompany Load (0.6ms)[0m  [1m[34mSELECT  "companies".* FROM "companies" WHERE "companies"."id" = ? LIMIT ?[0m  [["id", 5], ["LIMIT", 1]]
  Rendering companies/edit.html.erb within layouts/application
  Rendered companies/_form.html.erb (1.9ms)
  Rendered companies/edit.html.erb within layouts/application (3.4ms)
Completed 200 OK in 27ms (Views: 24.8ms | ActiveRecord: 0.6ms)


Started PATCH "/companies/5" for 127.0.0.1 at 2017-10-25 12:08:09 +0700
Processing by CompaniesController#update as HTML
  Parameters: {"utf8"=>"✓", "authenticity_token"=>"biO4EKw//4vPvGehMDBCFKF7QeqKV/om9FO2dYYPuuYPaqkzoPE9j9utImM4z6T12T8B4G9f1fbDAYKWjazY+g==", "company"=>{"name"=>"x223 232        2222", "address"=>"xxxxx"}, "commit"=>"Update Company", "id"=>"5"}
  [1m[36mCompany Load (0.6ms)[0m  [1m[34mSELECT  "companies".* FROM "companies" WHERE "companies"."id" = ? LIMIT ?[0m  [["id", 5], ["LIMIT", 1]]
  [1m[35m (0.1ms)[0m  [1m[36mbegin transaction[0m
  [1m[35mSQL (1.0ms)[0m  [1m[33mUPDATE "companies" SET "address" = ?, "updated_at" = ? WHERE "companies"."id" = ?[0m  [["address", "xxxxx"], ["updated_at", "2017-10-25 05:08:09.551762"], ["id", 5]]
  [1m[35m (164.3ms)[0m  [1m[36mcommit transaction[0m
Redirected to http://localhost:3000/companies/5
Completed 302 Found in 172ms (ActiveRecord: 166.0ms)


Started GET "/companies/5" for 127.0.0.1 at 2017-10-25 12:08:09 +0700
Processing by CompaniesController#show as HTML
  Parameters: {"id"=>"5"}
  [1m[36mCompany Load (0.4ms)[0m  [1m[34mSELECT  "companies".* FROM "companies" WHERE "companies"."id" = ? LIMIT ?[0m  [["id", 5], ["LIMIT", 1]]
  Rendering companies/show.html.erb within layouts/application
  Rendered companies/show.html.erb within layouts/application (1.5ms)
Completed 200 OK in 30ms (Views: 27.0ms | ActiveRecord: 0.4ms)


Started GET "/companies/5" for 127.0.0.1 at 2017-10-25 12:08:21 +0700
Processing by CompaniesController#show as HTML
  Parameters: {"id"=>"5"}
  [1m[36mCompany Load (0.3ms)[0m  [1m[34mSELECT  "companies".* FROM "companies" WHERE "companies"."id" = ? LIMIT ?[0m  [["id", 5], ["LIMIT", 1]]
  Rendering companies/show.html.erb within layouts/application
  Rendered companies/show.html.erb within layouts/application (1.3ms)
Completed 200 OK in 32ms (Views: 29.8ms | ActiveRecord: 0.3ms)


